<?xml version="1.0" encoding="UTF-8"?>
<testng-results skipped="0" failed="0" ignored="0" total="1" passed="1">
  <reporter-output>
  </reporter-output>
  <suite name="Default suite" duration-ms="67" started-at="2022-03-10T15:19:54 IST" finished-at="2022-03-10T15:19:54 IST">
    <groups>
    </groups>
    <test name="Default test" duration-ms="67" started-at="2022-03-10T15:19:54 IST" finished-at="2022-03-10T15:19:54 IST">
      <class name="demoGit.Demo">
        <test-method status="PASS" signature="demo()[pri:0, instance:demoGit.Demo@7d0587f1]" name="demo" duration-ms="12" started-at="2022-03-10T15:19:54 IST" finished-at="2022-03-10T15:19:54 IST">
          <reporter-output>
          </reporter-output>
        </test-method> <!-- demo -->
      </class> <!-- demoGit.Demo -->
    </test> <!-- Default test -->
  </suite> <!-- Default suite -->
</testng-results>
